particle={pos=(-0.577751,-0.887892), vel=(0.823245,-0.551406)}
particle={pos=(-0.570855,-0.835857), vel=(0.693320,-0.561469)}
particle={pos=(-0.565691,-0.785934), vel=(0.564249,-0.610138)}
particle={pos=(-0.521157,-0.715481), vel=(0.487830,-0.556235)}
particle={pos=(-0.458304,-0.641433), vel=(0.400158,-0.507473)}
particle={pos=(-0.464150,-0.591839), vel=(0.318520,-0.515937)}
particle={pos=(-0.382625,-0.504698), vel=(0.324135,-0.406095)}
particle={pos=(-0.239484,-0.397029), vel=(0.393191,-0.201068)}
particle={pos=(-0.235776,-0.348955), vel=(0.275198,-0.240833)}
particle={pos=(-0.190257,-0.276974), vel=(0.224577,-0.164231)}
particle={pos=(-0.168715,-0.219384), vel=(0.114370,-0.178217)}
particle={pos=(-0.138803,-0.160768), vel=(-0.043766,-0.205645)}
particle={pos=(-0.160614,-0.122649), vel=(-0.155549,-0.267358)}
particle={pos=(0.128486,0.052570), vel=(0.303172,0.211862)}
particle={pos=(0.183774,0.166488), vel=(0.103662,0.219228)}
particle={pos=(0.211453,0.135191), vel=(0.207845,0.298740)}
particle={pos=(0.240679,0.241621), vel=(-0.005172,0.247899)}
particle={pos=(0.264226,0.303805), vel=(-0.070795,0.291551)}
particle={pos=(0.299097,0.370649), vel=(-0.174775,0.308334)}
particle={pos=(0.287174,0.408036), vel=(-0.290393,0.244936)}
particle={pos=(0.442237,0.534463), vel=(-0.222087,0.534285)}
particle={pos=(0.498206,0.616999), vel=(-0.298850,0.641921)}
particle={pos=(0.468463,0.653671), vel=(-0.361742,0.595040)}
particle={pos=(0.473158,0.699508), vel=(-0.618380,0.476247)}
particle={pos=(0.452918,0.734912), vel=(-0.758742,0.362564)}
particle={pos=(0.423879,0.768675), vel=(-0.910384,0.295241)}
