particle={pos=(-0.560406,-1.799491), vel=(-0.040944,-4.212914)}
particle={pos=(-0.563225,-1.769338), vel=(0.069540,-3.511058)}
particle={pos=(-0.549540,-1.716720), vel=(0.142581,-2.727271)}
particle={pos=(-0.548211,-1.638276), vel=(0.203490,-2.065990)}
particle={pos=(-0.560783,-1.561937), vel=(0.241115,-1.645512)}
particle={pos=(-0.580546,-1.485045), vel=(0.345637,-1.303808)}
particle={pos=(-0.599862,-1.409335), vel=(0.481414,-0.994470)}
particle={pos=(-0.612040,-1.335260), vel=(0.701183,-0.755469)}
particle={pos=(-0.617635,-1.277757), vel=(1.074056,-0.675490)}
particle={pos=(-0.606048,-1.218344), vel=(1.550256,-0.694952)}
particle={pos=(-0.565565,-1.142064), vel=(2.191956,-0.843725)}
particle={pos=(-0.502296,-1.045178), vel=(2.494240,-1.300604)}
particle={pos=(-0.443256,-0.945141), vel=(2.422701,-1.696436)}
particle={pos=(-0.406369,-0.867285), vel=(2.343127,-1.970981)}
particle={pos=(-0.387674,-0.817341), vel=(2.291872,-2.351162)}
particle={pos=(-0.394127,-0.803728), vel=(2.206311,-2.826621)}
particle={pos=(-0.411895,-0.823135), vel=(2.144557,-3.271119)}
particle={pos=(-0.422990,-0.857893), vel=(2.156076,-3.648035)}
particle={pos=(-0.427561,-0.897712), vel=(2.203353,-3.975987)}
particle={pos=(-0.427748,-0.940681), vel=(2.257666,-4.258931)}
particle={pos=(-0.421387,-0.989613), vel=(2.289107,-4.537954)}
particle={pos=(-0.407684,-1.043267), vel=(2.265105,-4.790836)}
particle={pos=(-0.389859,-1.096864), vel=(2.162557,-4.972621)}
particle={pos=(-0.372295,-1.146160), vel=(2.028448,-5.035043)}
particle={pos=(-0.353152,-1.189809), vel=(1.877187,-4.920242)}
particle={pos=(-0.334754,-1.224371), vel=(1.734105,-4.702667)}
particle={pos=(-0.317793,-1.248261), vel=(1.617111,-4.448834)}
particle={pos=(-0.301078,-1.265800), vel=(1.505309,-4.210198)}
particle={pos=(-0.286606,-1.278034), vel=(1.426294,-4.026029)}
particle={pos=(-0.272990,-1.288686), vel=(1.347716,-3.881738)}
particle={pos=(-0.260805,-1.298269), vel=(1.254121,-3.760443)}
particle={pos=(-0.251812,-1.306206), vel=(1.149588,-3.663758)}
particle={pos=(-0.245423,-1.314038), vel=(1.025552,-3.591528)}
particle={pos=(-0.242125,-1.321708), vel=(0.863270,-3.525904)}
particle={pos=(-0.241055,-1.328410), vel=(0.697157,-3.462605)}
particle={pos=(-0.242252,-1.334181), vel=(0.520044,-3.397532)}
particle={pos=(-0.244553,-1.339947), vel=(0.338489,-3.337186)}
particle={pos=(-0.247762,-1.345622), vel=(0.151334,-3.281524)}
particle={pos=(-0.250450,-1.351085), vel=(-0.016495,-3.236217)}
particle={pos=(-0.253220,-1.357011), vel=(-0.192135,-3.198458)}
particle={pos=(-0.255921,-1.363454), vel=(-0.377929,-3.170516)}
particle={pos=(-0.258033,-1.371770), vel=(-0.567692,-3.152612)}
particle={pos=(-0.259138,-1.381429), vel=(-0.765790,-3.142051)}
particle={pos=(-0.261752,-1.391928), vel=(-0.966201,-3.126352)}
particle={pos=(-0.266672,-1.402838), vel=(-1.169004,-3.105804)}
particle={pos=(-0.273823,-1.414326), vel=(-1.365747,-3.078855)}
particle={pos=(-0.283657,-1.425898), vel=(-1.556008,-3.040933)}
particle={pos=(-0.295336,-1.436513), vel=(-1.730782,-2.993281)}
particle={pos=(-0.309124,-1.444449), vel=(-1.885714,-2.930753)}
particle={pos=(-0.324022,-1.449464), vel=(-2.013884,-2.853536)}
particle={pos=(-0.340184,-1.450837), vel=(-2.104521,-2.762542)}
particle={pos=(-0.356013,-1.447704), vel=(-2.156707,-2.659306)}
particle={pos=(-0.370726,-1.441308), vel=(-2.174773,-2.549456)}
particle={pos=(-0.384099,-1.431912), vel=(-2.165187,-2.437064)}
particle={pos=(-0.395874,-1.420073), vel=(-2.143038,-2.328617)}
particle={pos=(-0.406928,-1.405521), vel=(-2.113135,-2.223396)}
particle={pos=(-0.417570,-1.388562), vel=(-2.080129,-2.125509)}
particle={pos=(-0.427774,-1.369839), vel=(-2.046149,-2.033925)}
particle={pos=(-0.437745,-1.349864), vel=(-2.017332,-1.947086)}
particle={pos=(-0.447239,-1.330321), vel=(-1.996836,-1.862974)}
particle={pos=(-0.456461,-1.311140), vel=(-1.987415,-1.776796)}
particle={pos=(-0.465628,-1.292120), vel=(-1.984956,-1.688579)}
particle={pos=(-0.474928,-1.273178), vel=(-1.989320,-1.612924)}
particle={pos=(-0.484299,-1.254525), vel=(-1.996063,-1.559048)}
particle={pos=(-0.493658,-1.236530), vel=(-1.998497,-1.537218)}
particle={pos=(-0.502647,-1.219654), vel=(-1.990422,-1.540202)}
particle={pos=(-0.511614,-1.203714), vel=(-1.970261,-1.565739)}
particle={pos=(-0.520338,-1.188854), vel=(-1.937592,-1.609609)}
particle={pos=(-0.528607,-1.175039), vel=(-1.888416,-1.674920)}
particle={pos=(-0.536413,-1.162322), vel=(-1.822473,-1.759514)}
particle={pos=(-0.543551,-1.151026), vel=(-1.740881,-1.860201)}
particle={pos=(-0.549926,-1.140782), vel=(-1.641461,-1.973342)}
particle={pos=(-0.555841,-1.131303), vel=(-1.528299,-2.096947)}
particle={pos=(-0.560549,-1.123719), vel=(-1.411563,-2.225135)}
particle={pos=(-0.564208,-1.118059), vel=(-1.293686,-2.351606)}
particle={pos=(-0.566372,-1.114834), vel=(-1.177504,-2.476343)}
particle={pos=(-0.567135,-1.113918), vel=(-1.065905,-2.594811)}
particle={pos=(-0.567789,-1.113906), vel=(-0.952700,-2.706317)}
particle={pos=(-0.568364,-1.114480), vel=(-0.839296,-2.811792)}
particle={pos=(-0.568892,-1.115629), vel=(-0.728892,-2.912291)}
particle={pos=(-0.569274,-1.117535), vel=(-0.621811,-3.007873)}
particle={pos=(-0.569452,-1.119916), vel=(-0.524313,-3.094518)}
particle={pos=(-0.569235,-1.122831), vel=(-0.440889,-3.171754)}
particle={pos=(-0.568485,-1.126680), vel=(-0.369201,-3.240384)}
particle={pos=(-0.567123,-1.131353), vel=(-0.312448,-3.296285)}
particle={pos=(-0.564938,-1.137131), vel=(-0.278648,-3.338101)}
particle={pos=(-0.561842,-1.143655), vel=(-0.267419,-3.358506)}
particle={pos=(-0.557454,-1.150104), vel=(-0.287174,-3.352171)}
particle={pos=(-0.552085,-1.155226), vel=(-0.348337,-3.301498)}
particle={pos=(-0.545646,-1.158582), vel=(-0.480335,-3.191075)}
particle={pos=(-0.536486,-1.160754), vel=(-0.667593,-3.033376)}
particle={pos=(-0.524263,-1.162658), vel=(-0.859114,-2.853808)}
particle={pos=(-0.510706,-1.164273), vel=(-0.996958,-2.684102)}
particle={pos=(-0.496985,-1.164872), vel=(-1.056827,-2.543573)}
particle={pos=(-0.483719,-1.164493), vel=(-1.033293,-2.439845)}
particle={pos=(-0.472084,-1.164225), vel=(-0.962853,-2.367681)}
particle={pos=(-0.462968,-1.164625), vel=(-0.856093,-2.307815)}
particle={pos=(-0.456742,-1.165742), vel=(-0.718445,-2.255674)}
particle={pos=(-0.453139,-1.167592), vel=(-0.570123,-2.218400)}
particle={pos=(-0.450821,-1.169996), vel=(-0.423907,-2.196840)}
particle={pos=(-0.448317,-1.173500), vel=(-0.284179,-2.183882)}
particle={pos=(-0.446297,-1.177488), vel=(-0.152380,-2.182398)}
particle={pos=(-0.444485,-1.181662), vel=(-0.025584,-2.188446)}
particle={pos=(-0.442995,-1.185740), vel=(0.094093,-2.200540)}
particle={pos=(-0.442168,-1.189153), vel=(0.204776,-2.218876)}
particle={pos=(-0.441664,-1.192041), vel=(0.308340,-2.240897)}
particle={pos=(-0.441376,-1.194283), vel=(0.406057,-2.265885)}
particle={pos=(-0.441303,-1.196212), vel=(0.499331,-2.292154)}
particle={pos=(-0.441285,-1.197712), vel=(0.588793,-2.320894)}
particle={pos=(-0.441379,-1.198746), vel=(0.670815,-2.351240)}
particle={pos=(-0.441594,-1.199447), vel=(0.749856,-2.383064)}
particle={pos=(-0.441805,-1.200112), vel=(0.828473,-2.417205)}
particle={pos=(-0.442126,-1.200656), vel=(0.905288,-2.453812)}
particle={pos=(-0.442505,-1.201035), vel=(0.979185,-2.493560)}
particle={pos=(-0.442736,-1.201746), vel=(1.057416,-2.537741)}
particle={pos=(-0.442888,-1.202526), vel=(1.139117,-2.585698)}
particle={pos=(-0.443049,-1.203342), vel=(1.222084,-2.637972)}
particle={pos=(-0.443273,-1.203952), vel=(1.303625,-2.693379)}
particle={pos=(-0.443537,-1.204459), vel=(1.387576,-2.753357)}
particle={pos=(-0.444002,-1.204924), vel=(1.475183,-2.817467)}
particle={pos=(-0.444820,-1.205352), vel=(1.573156,-2.890239)}
particle={pos=(-0.446323,-1.205422), vel=(1.673810,-2.971171)}
particle={pos=(-0.448935,-1.204736), vel=(1.766537,-3.057305)}
particle={pos=(-0.452347,-1.203130), vel=(1.848137,-3.147822)}
particle={pos=(-0.456892,-1.200481), vel=(1.919198,-3.241824)}
particle={pos=(-0.463090,-1.196918), vel=(1.980859,-3.340374)}
particle={pos=(-0.470856,-1.192076), vel=(2.028452,-3.443526)}
particle={pos=(-0.479847,-1.185611), vel=(2.056921,-3.547169)}
particle={pos=(-0.490333,-1.177488), vel=(2.065417,-3.653547)}
particle={pos=(-0.501755,-1.167858), vel=(2.045781,-3.750699)}
particle={pos=(-0.513941,-1.156382), vel=(1.996729,-3.835615)}
particle={pos=(-0.526141,-1.143256), vel=(1.916430,-3.899057)}
particle={pos=(-0.538355,-1.128408), vel=(1.816935,-3.946347)}
particle={pos=(-0.550199,-1.111827), vel=(1.705117,-3.978185)}
particle={pos=(-0.561343,-1.094104), vel=(1.587590,-3.986737)}
particle={pos=(-0.572151,-1.074733), vel=(1.465662,-3.971880)}
particle={pos=(-0.581732,-1.055665), vel=(1.351255,-3.933914)}
particle={pos=(-0.591868,-1.036464), vel=(1.239141,-3.866084)}
particle={pos=(-0.602471,-1.018459), vel=(1.127900,-3.773646)}
particle={pos=(-0.613182,-1.002746), vel=(1.015177,-3.671209)}
particle={pos=(-0.624549,-0.989188), vel=(0.896247,-3.558384)}
particle={pos=(-0.636391,-0.978347), vel=(0.764696,-3.436806)}
particle={pos=(-0.647993,-0.970912), vel=(0.617945,-3.311473)}
particle={pos=(-0.658499,-0.968561), vel=(0.451371,-3.192388)}
particle={pos=(-0.665762,-0.971622), vel=(0.263143,-3.086267)}
particle={pos=(-0.667329,-0.980544), vel=(0.063942,-3.004889)}
particle={pos=(-0.664177,-0.992854), vel=(-0.149109,-2.941352)}
particle={pos=(-0.658920,-1.006654), vel=(-0.376910,-2.886814)}
particle={pos=(-0.653507,-1.021434), vel=(-0.620640,-2.822854)}
particle={pos=(-0.648927,-1.036235), vel=(-0.898368,-2.728288)}
particle={pos=(-0.643366,-1.051006), vel=(-1.221509,-2.584497)}
particle={pos=(-0.633480,-1.066438), vel=(-1.562353,-2.391770)}
particle={pos=(-0.617321,-1.083352), vel=(-1.896540,-2.133049)}
particle={pos=(-0.594668,-1.105073), vel=(-2.204539,-1.814080)}
particle={pos=(-0.566005,-1.134760), vel=(-2.460218,-1.467748)}
particle={pos=(-0.535430,-1.170087), vel=(-2.592233,-1.184343)}
particle={pos=(-0.504936,-1.211029), vel=(-2.577261,-1.018484)}
particle={pos=(-0.476980,-1.256872), vel=(-2.457739,-0.977950)}
particle={pos=(-0.453660,-1.306449), vel=(-2.288773,-1.067357)}
particle={pos=(-0.435684,-1.361516), vel=(-2.163075,-1.211769)}
particle={pos=(-0.423509,-1.418499), vel=(-2.081259,-1.402648)}
particle={pos=(-0.415902,-1.475882), vel=(-2.021288,-1.650064)}
particle={pos=(-0.411731,-1.531426), vel=(-1.978738,-1.935651)}
particle={pos=(-0.410078,-1.578276), vel=(-1.929431,-2.194603)}
particle={pos=(-0.409704,-1.612077), vel=(-1.879851,-2.431443)}
particle={pos=(-0.409189,-1.635175), vel=(-1.839541,-2.652764)}
particle={pos=(-0.406873,-1.653481), vel=(-1.816522,-2.880398)}
particle={pos=(-0.404662,-1.663039), vel=(-1.790012,-3.082283)}
particle={pos=(-0.401631,-1.668026), vel=(-1.763868,-3.277427)}
particle={pos=(-0.398603,-1.669123), vel=(-1.733958,-3.459121)}
particle={pos=(-0.395836,-1.668662), vel=(-1.698364,-3.631388)}
particle={pos=(-0.393048,-1.666217), vel=(-1.658671,-3.790490)}
particle={pos=(-0.390596,-1.662473), vel=(-1.617217,-3.940318)}
particle={pos=(-0.388579,-1.657360), vel=(-1.571345,-4.076334)}
particle={pos=(-0.386301,-1.650620), vel=(-1.527054,-4.216007)}
particle={pos=(-0.383946,-1.642714), vel=(-1.485542,-4.347278)}
particle={pos=(-0.381896,-1.634017), vel=(-1.444518,-4.465557)}
particle={pos=(-0.380053,-1.624816), vel=(-1.399928,-4.578687)}
particle={pos=(-0.377993,-1.614727), vel=(-1.357084,-4.691935)}
particle={pos=(-0.376874,-1.603951), vel=(-1.312515,-4.789864)}
particle={pos=(-0.375523,-1.591771), vel=(-1.276214,-4.893146)}
particle={pos=(-0.375142,-1.577505), vel=(-1.250364,-4.980196)}
particle={pos=(-0.375250,-1.561432), vel=(-1.244742,-5.055861)}
particle={pos=(-0.375444,-1.542148), vel=(-1.264219,-5.121882)}
particle={pos=(-0.375417,-1.521173), vel=(-1.299603,-5.176641)}
particle={pos=(-0.373471,-1.494076), vel=(-1.371008,-5.225359)}
particle={pos=(-0.369286,-1.464279), vel=(-1.451897,-5.266436)}
particle={pos=(-0.361249,-1.429827), vel=(-1.535959,-5.287333)}
particle={pos=(-0.347045,-1.389735), vel=(-1.599450,-5.275442)}
particle={pos=(-0.328798,-1.344626), vel=(-1.605563,-5.199913)}
particle={pos=(-0.306196,-1.296421), vel=(-1.550700,-5.068515)}
particle={pos=(-0.284649,-1.249488), vel=(-1.466658,-4.892529)}
particle={pos=(-0.260574,-1.201321), vel=(-1.353456,-4.671952)}
particle={pos=(-0.237882,-1.156790), vel=(-1.241318,-4.446718)}
particle={pos=(-0.217211,-1.116244), vel=(-1.147440,-4.233198)}
particle={pos=(-0.197397,-1.079037), vel=(-1.063850,-4.036316)}
particle={pos=(-0.178376,-1.043423), vel=(-0.992265,-3.843865)}
particle={pos=(-0.162067,-1.012479), vel=(-0.934311,-3.677879)}
particle={pos=(-0.149936,-0.986160), vel=(-0.888619,-3.535800)}
particle={pos=(-0.139438,-0.962894), vel=(-0.841727,-3.409216)}
particle={pos=(-0.130563,-0.942255), vel=(-0.792874,-3.294050)}
particle={pos=(-0.123248,-0.923377), vel=(-0.740674,-3.190635)}
particle={pos=(-0.118219,-0.906990), vel=(-0.685769,-3.104266)}
particle={pos=(-0.114276,-0.893075), vel=(-0.625916,-3.036752)}
particle={pos=(-0.111510,-0.880457), vel=(-0.563563,-2.980053)}
particle={pos=(-0.107190,-0.868380), vel=(-0.483791,-2.930618)}
particle={pos=(-0.103240,-0.857152), vel=(-0.397248,-2.890907)}
particle={pos=(-0.100277,-0.846430), vel=(-0.307838,-2.853798)}
particle={pos=(-0.096909,-0.835945), vel=(-0.209513,-2.826718)}
particle={pos=(-0.094176,-0.826530), vel=(-0.108012,-2.803054)}
particle={pos=(-0.091425,-0.816926), vel=(0.006806,-2.782323)}
particle={pos=(-0.090521,-0.808399), vel=(0.120709,-2.763071)}
particle={pos=(-0.090615,-0.800905), vel=(0.235775,-2.751627)}
particle={pos=(-0.093931,-0.794302), vel=(0.340717,-2.740929)}
particle={pos=(-0.100096,-0.787904), vel=(0.439045,-2.730671)}
particle={pos=(-0.107920,-0.781590), vel=(0.537242,-2.721965)}
particle={pos=(-0.118089,-0.776108), vel=(0.631410,-2.715758)}
particle={pos=(-0.130221,-0.770307), vel=(0.714770,-2.707102)}
particle={pos=(-0.142275,-0.764280), vel=(0.799240,-2.696576)}
particle={pos=(-0.151931,-0.759148), vel=(0.899084,-2.688793)}
particle={pos=(-0.157071,-0.752927), vel=(1.001153,-2.677822)}
particle={pos=(-0.160314,-0.746736), vel=(1.115192,-2.660484)}
particle={pos=(-0.161813,-0.739458), vel=(1.231635,-2.635976)}
particle={pos=(-0.161979,-0.731136), vel=(1.348164,-2.605132)}
particle={pos=(-0.162042,-0.722459), vel=(1.456747,-2.565482)}
particle={pos=(-0.162156,-0.713442), vel=(1.550409,-2.519067)}
particle={pos=(-0.162999,-0.703950), vel=(1.624899,-2.456917)}
particle={pos=(-0.164014,-0.694633), vel=(1.688577,-2.386990)}
particle={pos=(-0.165800,-0.685248), vel=(1.728458,-2.310252)}
particle={pos=(-0.168140,-0.675318), vel=(1.756551,-2.224836)}
particle={pos=(-0.171840,-0.665860), vel=(1.762198,-2.133207)}
particle={pos=(-0.176152,-0.656382), vel=(1.762707,-2.036715)}
particle={pos=(-0.181123,-0.647236), vel=(1.755716,-1.937729)}
particle={pos=(-0.186834,-0.638773), vel=(1.745793,-1.838761)}
particle={pos=(-0.193484,-0.630592), vel=(1.726046,-1.735113)}
particle={pos=(-0.200179,-0.622285), vel=(1.708609,-1.628892)}
particle={pos=(-0.206641,-0.614303), vel=(1.693717,-1.531315)}
particle={pos=(-0.213572,-0.606466), vel=(1.676065,-1.427637)}
particle={pos=(-0.220094,-0.599281), vel=(1.662322,-1.328866)}
particle={pos=(-0.226225,-0.593060), vel=(1.650072,-1.237094)}
particle={pos=(-0.231713,-0.587481), vel=(1.642233,-1.146104)}
particle={pos=(-0.236002,-0.583719), vel=(1.637702,-1.054655)}
particle={pos=(-0.240049,-0.581298), vel=(1.636245,-0.968128)}
particle={pos=(-0.242789,-0.579550), vel=(1.636007,-0.872995)}
particle={pos=(-0.244826,-0.579880), vel=(1.634630,-0.781584)}
particle={pos=(-0.246544,-0.580891), vel=(1.637856,-0.695843)}
particle={pos=(-0.248762,-0.584791), vel=(1.641349,-0.614598)}
particle={pos=(-0.250402,-0.590385), vel=(1.647314,-0.537963)}
particle={pos=(-0.251720,-0.595983), vel=(1.658088,-0.464463)}
particle={pos=(-0.252028,-0.604789), vel=(1.666504,-0.385165)}
particle={pos=(-0.252856,-0.615370), vel=(1.672546,-0.317197)}
particle={pos=(-0.254216,-0.626671), vel=(1.681420,-0.261361)}
particle={pos=(-0.257762,-0.640584), vel=(1.677606,-0.217816)}
particle={pos=(-0.262026,-0.654891), vel=(1.666868,-0.190270)}
particle={pos=(-0.264777,-0.670196), vel=(1.656629,-0.175489)}
particle={pos=(-0.268145,-0.688101), vel=(1.633589,-0.185459)}
particle={pos=(-0.271953,-0.705801), vel=(1.606881,-0.205569)}
particle={pos=(-0.275824,-0.722500), vel=(1.585518,-0.223286)}
particle={pos=(-0.281328,-0.739994), vel=(1.553116,-0.247881)}
particle={pos=(-0.286775,-0.757517), vel=(1.524296,-0.271592)}
particle={pos=(-0.292119,-0.775021), vel=(1.498782,-0.293687)}
particle={pos=(-0.297799,-0.793441), vel=(1.471395,-0.317781)}
particle={pos=(-0.302594,-0.810878), vel=(1.459315,-0.331864)}
particle={pos=(-0.307512,-0.830244), vel=(1.451370,-0.349025)}
particle={pos=(-0.312601,-0.850518), vel=(1.447712,-0.361662)}
particle={pos=(-0.318701,-0.868354), vel=(1.441409,-0.372324)}
particle={pos=(-0.324221,-0.884525), vel=(1.444695,-0.376179)}
particle={pos=(-0.329704,-0.901620), vel=(1.456063,-0.379245)}
particle={pos=(-0.335082,-0.919421), vel=(1.474317,-0.374286)}
particle={pos=(-0.340570,-0.936370), vel=(1.501571,-0.366655)}
particle={pos=(-0.346471,-0.951684), vel=(1.537493,-0.353899)}
particle={pos=(-0.353232,-0.967330), vel=(1.575664,-0.337237)}
particle={pos=(-0.359778,-0.982792), vel=(1.628956,-0.313066)}
particle={pos=(-0.366512,-1.000508), vel=(1.700292,-0.286182)}
particle={pos=(-0.374422,-1.017739), vel=(1.767664,-0.250542)}
particle={pos=(-0.383214,-1.033573), vel=(1.838987,-0.213006)}
particle={pos=(-0.392576,-1.048981), vel=(1.912540,-0.168770)}
particle={pos=(-0.402795,-1.065449), vel=(1.988837,-0.115862)}
particle={pos=(-0.413529,-1.080292), vel=(2.063108,-0.064707)}
particle={pos=(-0.425691,-1.094086), vel=(2.123033,-0.005610)}
particle={pos=(-0.438642,-1.108895), vel=(2.183614,0.050558)}
particle={pos=(-0.452603,-1.125227), vel=(2.239734,0.096902)}
particle={pos=(-0.467560,-1.141487), vel=(2.278445,0.128519)}
particle={pos=(-0.483001,-1.155855), vel=(2.284480,0.146924)}
particle={pos=(-0.498627,-1.169618), vel=(2.265918,0.155367)}
particle={pos=(-0.514862,-1.184859), vel=(2.219208,0.150946)}
particle={pos=(-0.531248,-1.200066), vel=(2.145710,0.131478)}
particle={pos=(-0.547803,-1.213640), vel=(2.048830,0.103100)}
particle={pos=(-0.563853,-1.227384), vel=(1.933490,0.070490)}
particle={pos=(-0.578641,-1.240107), vel=(1.797576,0.044908)}
particle={pos=(-0.591686,-1.254206), vel=(1.649331,0.024910)}
particle={pos=(-0.598940,-1.270836), vel=(1.478377,0.019560)}
particle={pos=(-0.601362,-1.289735), vel=(1.291258,0.016385)}
particle={pos=(-0.598183,-1.312994), vel=(1.093731,-0.001703)}
particle={pos=(-0.588455,-1.336802), vel=(0.902192,-0.042096)}
particle={pos=(-0.575260,-1.361337), vel=(0.729036,-0.115565)}
particle={pos=(-0.558257,-1.382808), vel=(0.569777,-0.202410)}
particle={pos=(-0.540374,-1.400830), vel=(0.409280,-0.289711)}
particle={pos=(-0.527351,-1.423919), vel=(0.223027,-0.404061)}
particle={pos=(-0.515343,-1.456498), vel=(0.064595,-0.560376)}
particle={pos=(-0.503411,-1.486067), vel=(-0.062185,-0.715047)}
particle={pos=(-0.491786,-1.509223), vel=(-0.195062,-0.864303)}
particle={pos=(-0.479444,-1.529952), vel=(-0.303185,-1.006028)}
particle={pos=(-0.466740,-1.554058), vel=(-0.334402,-1.154314)}
particle={pos=(-0.453927,-1.580114), vel=(-0.351478,-1.297500)}
particle={pos=(-0.440662,-1.604913), vel=(-0.364777,-1.446084)}
particle={pos=(-0.427273,-1.628298), vel=(-0.361221,-1.608810)}
particle={pos=(-0.415203,-1.651521), vel=(-0.316081,-1.782013)}
particle={pos=(-0.403103,-1.674464), vel=(-0.262252,-1.961105)}
particle={pos=(-0.391062,-1.696052), vel=(-0.209930,-2.143495)}
particle={pos=(-0.379647,-1.716203), vel=(-0.166932,-2.324661)}
particle={pos=(-0.369116,-1.737275), vel=(-0.089556,-2.518931)}
particle={pos=(-0.357397,-1.759255), vel=(0.001857,-2.736544)}
particle={pos=(-0.346066,-1.777190), vel=(0.082319,-2.945929)}
particle={pos=(-0.334796,-1.792869), vel=(0.178119,-3.158574)}
particle={pos=(-0.325065,-1.807290), vel=(0.282377,-3.361807)}
particle={pos=(-0.316383,-1.819823), vel=(0.405303,-3.568519)}
particle={pos=(-0.307894,-1.828947), vel=(0.539225,-3.779748)}
particle={pos=(-0.301311,-1.837446), vel=(0.688277,-3.994405)}
particle={pos=(-0.297342,-1.840650), vel=(0.808321,-4.176929)}
particle={pos=(-0.294508,-1.841431), vel=(0.924002,-4.353639)}
particle={pos=(-0.294685,-1.841302), vel=(1.053079,-4.538931)}
particle={pos=(-0.295655,-1.838310), vel=(1.188973,-4.731767)}
particle={pos=(-0.299154,-1.832981), vel=(1.296671,-4.904465)}
particle={pos=(-0.305816,-1.826621), vel=(1.389591,-5.072887)}
particle={pos=(-0.313629,-1.818963), vel=(1.456336,-5.231444)}
particle={pos=(-0.323168,-1.808850), vel=(1.554564,-5.424975)}
particle={pos=(-0.334067,-1.798264), vel=(1.595624,-5.589633)}
particle={pos=(-0.346960,-1.785743), vel=(1.611334,-5.759051)}
particle={pos=(-0.359386,-1.769728), vel=(1.598000,-5.929169)}
particle={pos=(-0.370859,-1.746892), vel=(1.577533,-6.107556)}
particle={pos=(-0.380941,-1.721813), vel=(1.523763,-6.256390)}
particle={pos=(-0.388954,-1.690597), vel=(1.483341,-6.407558)}
particle={pos=(-0.393370,-1.653328), vel=(1.495439,-6.567690)}
particle={pos=(-0.392611,-1.621220), vel=(1.511293,-6.693388)}
particle={pos=(-0.385579,-1.595416), vel=(1.553650,-6.787717)}
particle={pos=(-0.376049,-1.569498), vel=(1.663755,-6.823814)}
particle={pos=(-0.367127,-1.541613), vel=(1.850824,-6.827704)}
particle={pos=(-0.357992,-1.519455), vel=(2.018168,-6.756865)}
particle={pos=(-0.347183,-1.499930), vel=(2.182093,-6.607209)}
particle={pos=(-0.335730,-1.481771), vel=(2.358928,-6.378448)}
particle={pos=(-0.325772,-1.464348), vel=(2.500064,-6.125145)}
particle={pos=(-0.319529,-1.447346), vel=(2.600221,-5.901563)}
particle={pos=(-0.320033,-1.430038), vel=(2.656944,-5.761602)}
particle={pos=(-0.321182,-1.415640), vel=(2.632419,-5.660179)}
particle={pos=(-0.326873,-1.400060), vel=(2.596287,-5.614644)}
particle={pos=(-0.339969,-1.383214), vel=(2.580533,-5.620243)}
particle={pos=(-0.356898,-1.365865), vel=(2.504780,-5.696521)}
particle={pos=(-0.379638,-1.347305), vel=(2.345690,-5.814686)}
particle={pos=(-0.409882,-1.327436), vel=(2.051039,-5.957879)}
particle={pos=(-0.441587,-1.294534), vel=(1.446079,-6.194924)}
particle={pos=(-0.418212,-1.211183), vel=(0.252676,-6.170157)}
particle={pos=(-0.329301,-1.065975), vel=(-0.255734,-5.066901)}
particle={pos=(-0.204361,-0.895039), vel=(-0.117639,-4.099613)}
particle={pos=(-0.088166,-0.713154), vel=(-0.021232,-3.422539)}
particle={pos=(0.012466,-0.569179), vel=(0.656364,-2.503984)}
particle={pos=(0.084800,-0.464428), vel=(1.223655,-1.907670)}
particle={pos=(0.112166,-0.401783), vel=(1.637126,-1.609120)}
particle={pos=(0.093354,-0.357664), vel=(1.995492,-1.475655)}
particle={pos=(0.042792,-0.333407), vel=(2.191040,-1.433044)}
particle={pos=(-0.024312,-0.320568), vel=(2.337667,-1.418495)}
particle={pos=(-0.083630,-0.323954), vel=(2.405501,-1.413940)}
particle={pos=(-0.137205,-0.326319), vel=(2.472451,-1.376280)}
particle={pos=(-0.189896,-0.316812), vel=(2.548957,-1.235018)}
particle={pos=(-0.230679,-0.306973), vel=(2.599379,-1.076120)}
particle={pos=(-0.265415,-0.295244), vel=(2.630065,-0.893017)}
particle={pos=(-0.295243,-0.282838), vel=(2.609480,-0.684059)}
particle={pos=(-0.316970,-0.276586), vel=(2.534644,-0.482003)}
particle={pos=(-0.332540,-0.276893), vel=(2.444851,-0.295100)}
particle={pos=(-0.345508,-0.280754), vel=(2.343240,-0.095242)}
particle={pos=(-0.359329,-0.290300), vel=(2.242991,0.097115)}
particle={pos=(-0.373866,-0.303293), vel=(2.122741,0.288738)}
particle={pos=(-0.390967,-0.321851), vel=(1.940657,0.463255)}
particle={pos=(-0.414959,-0.351340), vel=(1.650956,0.642065)}
particle={pos=(-0.442966,-0.400871), vel=(1.253177,0.785079)}
particle={pos=(-0.464532,-0.479966), vel=(0.759985,0.917219)}
particle={pos=(-0.476902,-0.587696), vel=(0.204547,1.000527)}
particle={pos=(-0.475482,-0.703048), vel=(-0.353938,1.052935)}
particle={pos=(-0.456246,-0.821740), vel=(-0.852222,1.101906)}
particle={pos=(-0.424817,-0.942368), vel=(-1.219668,1.136523)}
particle={pos=(-0.398763,-1.064259), vel=(-1.324695,1.183218)}
particle={pos=(-0.390847,-1.209752), vel=(-0.922949,1.196801)}
particle={pos=(-0.405503,-1.383056), vel=(-0.419407,0.762859)}
particle={pos=(-0.445104,-1.580209), vel=(0.129377,0.139516)}
particle={pos=(-0.533352,-1.787846), vel=(0.092678,-1.055171)}
particle={pos=(-0.592730,-1.910977), vel=(-0.030372,-2.012682)}
particle={pos=(-0.606646,-2.001557), vel=(-0.121538,-2.827177)}
particle={pos=(-0.631649,-2.090894), vel=(-0.157102,-3.710886)}
particle={pos=(-0.627140,-2.126047), vel=(-0.202868,-4.361076)}
particle={pos=(-0.585970,-2.131356), vel=(-0.168366,-4.813270)}
particle={pos=(-0.532766,-2.125138), vel=(-0.078748,-5.172637)}
particle={pos=(-0.480520,-2.108553), vel=(0.112506,-5.490126)}
particle={pos=(-0.440608,-2.077361), vel=(0.419591,-5.789292)}
particle={pos=(-0.411251,-2.027767), vel=(0.851326,-6.087065)}
particle={pos=(-0.396986,-1.967319), vel=(1.289382,-6.407443)}
particle={pos=(-0.402385,-1.882116), vel=(1.708911,-6.837178)}
particle={pos=(-0.431300,-1.741695), vel=(2.173421,-7.387586)}
particle={pos=(-0.546620,-1.482889), vel=(2.331745,-8.028843)}
particle={pos=(-0.668937,-1.177568), vel=(1.431184,-8.157373)}
particle={pos=(-0.703995,-0.908683), vel=(0.572846,-7.744262)}
particle={pos=(-0.697033,-0.687159), vel=(0.172374,-7.275607)}
particle={pos=(-0.698518,-0.510877), vel=(-0.094175,-6.946124)}
particle={pos=(-0.680372,-0.394611), vel=(-0.163949,-6.725016)}
particle={pos=(-0.641510,-0.394331), vel=(-0.049276,-6.460454)}
particle={pos=(-0.560821,-0.579985), vel=(0.261200,-6.405236)}
particle={pos=(-0.460178,-0.877785), vel=(0.309082,-6.675900)}
particle={pos=(-0.512232,-1.175921), vel=(-0.093657,-6.800418)}
particle={pos=(-0.417940,-0.756379), vel=(0.188211,-4.080217)}
particle={pos=(0.401339,0.230442), vel=(0.440535,4.384124)}
particle={pos=(0.541488,-0.107360), vel=(0.646373,3.995862)}
particle={pos=(0.578121,-0.322825), vel=(0.831785,3.924573)}
particle={pos=(0.594688,-0.385143), vel=(0.981699,4.192571)}
particle={pos=(0.599837,-0.455163), vel=(1.093710,4.442245)}
particle={pos=(0.596777,-0.485266), vel=(1.155279,4.741027)}
particle={pos=(0.591464,-0.470043), vel=(1.190144,5.052836)}
particle={pos=(0.587282,-0.421612), vel=(1.212548,5.345571)}
particle={pos=(0.589696,-0.345730), vel=(1.209275,5.584616)}
particle={pos=(0.594729,-0.270986), vel=(1.153115,5.792160)}
particle={pos=(0.596583,-0.207946), vel=(1.042567,5.976799)}
particle={pos=(0.594515,-0.156972), vel=(0.884589,6.141315)}
particle={pos=(0.595259,-0.117048), vel=(0.698752,6.295685)}
particle={pos=(0.609543,-0.081994), vel=(0.514348,6.442563)}
particle={pos=(0.626312,-0.043578), vel=(0.345305,6.587435)}
particle={pos=(0.638504,0.005640), vel=(0.191176,6.727073)}
particle={pos=(0.643475,0.068924), vel=(0.026195,6.881156)}
particle={pos=(0.640170,0.151940), vel=(-0.166163,7.091000)}
particle={pos=(0.628568,0.262556), vel=(-0.404610,7.372762)}
particle={pos=(0.607952,0.411749), vel=(-0.731063,7.765478)}
particle={pos=(0.573185,0.607838), vel=(-1.202477,8.243252)}
particle={pos=(0.518262,0.828439), vel=(-1.780900,8.605320)}
particle={pos=(0.430822,1.062021), vel=(-2.402824,8.558312)}
particle={pos=(0.338309,1.262514), vel=(-2.247367,8.117809)}
particle={pos=(0.260332,1.414236), vel=(-2.064195,7.489603)}
particle={pos=(0.200273,1.544271), vel=(-1.909947,6.876835)}
particle={pos=(0.154571,1.662796), vel=(-1.678774,6.179372)}
particle={pos=(0.141588,1.771346), vel=(-1.285245,5.674324)}
particle={pos=(0.156823,1.872032), vel=(-0.888808,5.285725)}
particle={pos=(0.191631,1.961515), vel=(-0.600212,4.932502)}
particle={pos=(0.243278,2.014999), vel=(-0.468515,4.471255)}
particle={pos=(0.285133,2.032995), vel=(-0.464523,3.934849)}
particle={pos=(0.294552,2.061312), vel=(-0.475988,3.510313)}
particle={pos=(0.281035,2.091904), vel=(-0.460170,3.120708)}
particle={pos=(0.253953,2.099497), vel=(-0.393351,2.666948)}
particle={pos=(0.227601,2.076224), vel=(-0.248650,2.168860)}
particle={pos=(0.211657,2.037775), vel=(-0.030274,1.709758)}
particle={pos=(0.205906,2.000481), vel=(0.190521,1.327356)}
particle={pos=(0.202556,1.978454), vel=(0.351503,1.016560)}
particle={pos=(0.197337,1.961379), vel=(0.481695,0.746857)}
particle={pos=(0.195718,1.930119), vel=(0.605065,0.460127)}
particle={pos=(0.201946,1.887311), vel=(0.706750,0.149653)}
particle={pos=(0.217203,1.822339), vel=(0.802832,-0.220716)}
particle={pos=(0.243143,1.741943), vel=(0.848658,-0.693561)}
particle={pos=(0.281722,1.636694), vel=(0.838304,-1.328673)}
particle={pos=(0.320446,1.522171), vel=(0.710160,-1.932014)}
particle={pos=(0.356709,1.410686), vel=(0.460108,-2.369347)}
particle={pos=(0.392679,1.298731), vel=(0.217676,-2.733898)}
particle={pos=(0.424807,1.209215), vel=(0.032636,-2.984397)}
particle={pos=(0.453563,1.134493), vel=(-0.202725,-3.180239)}
particle={pos=(0.475825,1.072192), vel=(-0.514380,-3.329773)}
particle={pos=(0.492499,1.024731), vel=(-0.877431,-3.412113)}
particle={pos=(0.506084,0.981138), vel=(-1.267035,-3.430041)}
particle={pos=(0.519867,0.946454), vel=(-1.625454,-3.393799)}
particle={pos=(0.538120,0.916332), vel=(-1.930391,-3.316263)}
particle={pos=(0.562961,0.892931), vel=(-2.099794,-3.258675)}
particle={pos=(0.588227,0.862038), vel=(-2.190981,-3.199954)}
particle={pos=(0.605286,0.831082), vel=(-2.278259,-3.160009)}
particle={pos=(0.613283,0.797769), vel=(-2.400779,-3.088123)}
particle={pos=(0.618292,0.768852), vel=(-2.515796,-3.030173)}
particle={pos=(0.618524,0.740154), vel=(-2.633432,-2.958409)}
particle={pos=(0.618624,0.712954), vel=(-2.726030,-2.911536)}
particle={pos=(0.616987,0.684292), vel=(-2.807506,-2.867059)}
particle={pos=(0.616731,0.652806), vel=(-2.851746,-2.857285)}
particle={pos=(0.617666,0.619036), vel=(-2.872087,-2.869509)}
particle={pos=(0.619187,0.585002), vel=(-2.899395,-2.882088)}
particle={pos=(0.619670,0.552563), vel=(-2.933963,-2.903895)}
particle={pos=(0.616987,0.521566), vel=(-2.989234,-2.907071)}
particle={pos=(0.608516,0.493513), vel=(-3.070974,-2.884674)}
particle={pos=(0.595672,0.468080), vel=(-3.169974,-2.841856)}
particle={pos=(0.575488,0.448130), vel=(-3.280084,-2.740868)}
particle={pos=(0.553090,0.433460), vel=(-3.403573,-2.627691)}
particle={pos=(0.530075,0.422907), vel=(-3.532501,-2.500363)}
particle={pos=(0.521987,0.415302), vel=(-3.690974,-2.376132)}
particle={pos=(0.517836,0.411383), vel=(-3.862893,-2.225192)}
particle={pos=(0.512779,0.409554), vel=(-4.031676,-2.110511)}
particle={pos=(0.502183,0.412577), vel=(-4.195209,-1.993069)}
particle={pos=(0.485784,0.416868), vel=(-4.349781,-1.893354)}
particle={pos=(0.465375,0.420660), vel=(-4.492242,-1.809527)}
particle={pos=(0.440297,0.426878), vel=(-4.613751,-1.737527)}
particle={pos=(0.411307,0.430975), vel=(-4.712110,-1.679501)}
particle={pos=(0.381590,0.433655), vel=(-4.786030,-1.618491)}
particle={pos=(0.347150,0.434566), vel=(-4.826454,-1.578879)}
particle={pos=(0.313659,0.435126), vel=(-4.840309,-1.551303)}
particle={pos=(0.281724,0.434119), vel=(-4.844600,-1.511892)}
particle={pos=(0.249207,0.431859), vel=(-4.806884,-1.491163)}
particle={pos=(0.215345,0.428318), vel=(-4.719096,-1.481401)}
particle={pos=(0.183762,0.422648), vel=(-4.600303,-1.481435)}
particle={pos=(0.154053,0.417405), vel=(-4.457580,-1.479725)}
particle={pos=(0.124933,0.407814), vel=(-4.284550,-1.506404)}
particle={pos=(0.099151,0.397190), vel=(-4.034244,-1.560502)}
particle={pos=(0.072782,0.380318), vel=(-3.788041,-1.620012)}
particle={pos=(0.050665,0.362368), vel=(-3.515541,-1.691624)}
particle={pos=(0.029290,0.340235), vel=(-3.251769,-1.781286)}
particle={pos=(0.009178,0.316095), vel=(-3.002487,-1.871811)}
particle={pos=(-0.012529,0.291963), vel=(-2.801340,-1.940505)}
particle={pos=(-0.035208,0.264834), vel=(-2.638554,-2.000489)}
particle={pos=(-0.054125,0.237309), vel=(-2.471275,-2.067151)}
particle={pos=(-0.070088,0.208210), vel=(-2.310184,-2.137036)}
particle={pos=(-0.083844,0.179344), vel=(-2.160469,-2.195480)}
particle={pos=(-0.098328,0.152217), vel=(-2.031458,-2.240713)}
particle={pos=(-0.111066,0.126662), vel=(-1.917301,-2.278695)}
particle={pos=(-0.120021,0.102018), vel=(-1.797136,-2.315658)}
particle={pos=(-0.132291,0.080062), vel=(-1.715627,-2.342582)}
particle={pos=(-0.142467,0.060480), vel=(-1.631160,-2.364008)}
particle={pos=(-0.153009,0.040137), vel=(-1.549518,-2.377159)}
particle={pos=(-0.161818,0.022447), vel=(-1.472257,-2.383643)}
particle={pos=(-0.170741,0.007878), vel=(-1.397248,-2.375843)}
particle={pos=(-0.179172,-0.005699), vel=(-1.321903,-2.348229)}
particle={pos=(-0.186026,-0.018561), vel=(-1.248503,-2.315323)}
particle={pos=(-0.190410,-0.028202), vel=(-1.164196,-2.265446)}
particle={pos=(-0.196447,-0.036714), vel=(-1.080147,-2.213683)}
particle={pos=(-0.199247,-0.042409), vel=(-0.985503,-2.135930)}
particle={pos=(-0.203697,-0.048332), vel=(-0.907362,-2.060208)}
particle={pos=(-0.204291,-0.051274), vel=(-0.821674,-1.987112)}
particle={pos=(-0.204985,-0.051904), vel=(-0.736504,-1.913188)}
particle={pos=(-0.209926,-0.053140), vel=(-0.663223,-1.842654)}
particle={pos=(-0.211813,-0.051857), vel=(-0.577489,-1.762640)}
particle={pos=(-0.215731,-0.052058), vel=(-0.497287,-1.684830)}
particle={pos=(-0.220548,-0.050676), vel=(-0.416632,-1.623898)}
particle={pos=(-0.225979,-0.050379), vel=(-0.344834,-1.564601)}
particle={pos=(-0.231926,-0.052300), vel=(-0.283851,-1.505567)}
particle={pos=(-0.236022,-0.053313), vel=(-0.213826,-1.451080)}
particle={pos=(-0.245714,-0.057163), vel=(-0.159431,-1.400844)}
particle={pos=(-0.257999,-0.061184), vel=(-0.109357,-1.361006)}
particle={pos=(-0.269256,-0.065961), vel=(-0.057297,-1.326563)}
particle={pos=(-0.282405,-0.071785), vel=(-0.016786,-1.288811)}
particle={pos=(-0.296886,-0.080076), vel=(0.019801,-1.253811)}
particle={pos=(-0.307992,-0.087689), vel=(0.069830,-1.221339)}
particle={pos=(-0.322975,-0.096129), vel=(0.107405,-1.194407)}
particle={pos=(-0.337551,-0.103425), vel=(0.157579,-1.162048)}
particle={pos=(-0.348675,-0.106656), vel=(0.216736,-1.109763)}
particle={pos=(-0.363608,-0.110380), vel=(0.258177,-1.054638)}
particle={pos=(-0.371785,-0.106678), vel=(0.323923,-0.970118)}
particle={pos=(-0.374138,-0.093906), vel=(0.394075,-0.846890)}
particle={pos=(-0.366045,-0.070176), vel=(0.484219,-0.681507)}
particle={pos=(-0.339781,-0.030218), vel=(0.604180,-0.451634)}
particle={pos=(-0.299696,0.021370), vel=(0.720301,-0.185843)}
particle={pos=(-0.246440,0.084272), vel=(0.837531,0.175073)}
particle={pos=(-0.181015,0.158852), vel=(0.955800,0.691881)}
particle={pos=(-0.104556,0.239557), vel=(1.100667,1.333877)}
particle={pos=(-0.014342,0.318843), vel=(1.338108,2.026242)}
particle={pos=(0.082056,0.393371), vel=(1.672873,2.727401)}
particle={pos=(0.169412,0.453080), vel=(2.032751,3.338215)}
particle={pos=(0.251748,0.502525), vel=(2.288469,3.868166)}
particle={pos=(0.314155,0.537118), vel=(2.339246,4.279403)}
particle={pos=(0.364529,0.564218), vel=(2.251181,4.632522)}
particle={pos=(0.398990,0.583040), vel=(2.080242,4.928740)}
particle={pos=(0.421962,0.597220), vel=(1.859529,5.182651)}
particle={pos=(0.436843,0.610803), vel=(1.582805,5.428846)}
particle={pos=(0.445733,0.624208), vel=(1.300716,5.659811)}
particle={pos=(0.447830,0.639013), vel=(1.027180,5.864585)}
particle={pos=(0.445305,0.653806), vel=(0.826210,6.029872)}
particle={pos=(0.442013,0.670241), vel=(0.657336,6.164113)}
particle={pos=(0.437179,0.687071), vel=(0.512602,6.284149)}
particle={pos=(0.432723,0.703874), vel=(0.392732,6.387707)}
particle={pos=(0.428264,0.720363), vel=(0.279765,6.462704)}
particle={pos=(0.424819,0.735765), vel=(0.191032,6.543526)}
particle={pos=(0.421971,0.751211), vel=(0.111524,6.607450)}
particle={pos=(0.420088,0.767259), vel=(0.044957,6.688598)}
particle={pos=(0.418238,0.783051), vel=(-0.012983,6.758700)}
particle={pos=(0.416742,0.799710), vel=(-0.069721,6.835659)}
particle={pos=(0.414649,0.816026), vel=(-0.111561,6.904692)}
particle={pos=(0.413108,0.832364), vel=(-0.148501,6.971849)}
particle={pos=(0.411324,0.848398), vel=(-0.164922,7.025098)}
particle={pos=(0.410129,0.865293), vel=(-0.176528,7.076060)}
particle={pos=(0.408725,0.880859), vel=(-0.178851,7.105709)}
particle={pos=(0.408021,0.896452), vel=(-0.185295,7.134621)}
particle={pos=(0.407258,0.910053), vel=(-0.175664,7.135754)}
particle={pos=(0.408064,0.925183), vel=(-0.165141,7.144133)}
particle={pos=(0.409284,0.938515), vel=(-0.133375,7.121606)}
particle={pos=(0.412283,0.953003), vel=(-0.085846,7.097328)}
particle={pos=(0.416082,0.967255), vel=(-0.036766,7.060675)}
particle={pos=(0.420770,0.981743), vel=(0.014478,7.021990)}
particle={pos=(0.425612,0.994280), vel=(0.064227,6.968369)}
particle={pos=(0.431325,1.007140), vel=(0.098482,6.919598)}
particle={pos=(0.437822,1.020790), vel=(0.118095,6.882778)}
particle={pos=(0.444236,1.034533), vel=(0.116461,6.855814)}
particle={pos=(0.451401,1.050613), vel=(0.095351,6.857760)}
particle={pos=(0.458286,1.065627), vel=(0.067625,6.864296)}
particle={pos=(0.466782,1.083757), vel=(0.028982,6.897304)}
particle={pos=(0.474927,1.101773), vel=(-0.035578,6.946270)}
particle={pos=(0.483501,1.118494), vel=(-0.102443,6.993094)}
particle={pos=(0.492995,1.135963), vel=(-0.171096,7.058846)}
particle={pos=(0.502712,1.151456), vel=(-0.229611,7.101526)}
particle={pos=(0.512166,1.165296), vel=(-0.291853,7.124512)}
particle={pos=(0.520162,1.177957), vel=(-0.361575,7.125693)}
particle={pos=(0.527055,1.189487), vel=(-0.429461,7.100415)}
particle={pos=(0.532024,1.199461), vel=(-0.505569,7.056492)}
particle={pos=(0.533505,1.207259), vel=(-0.591934,6.990022)}
particle={pos=(0.535311,1.215584), vel=(-0.673377,6.924885)}
particle={pos=(0.532546,1.221507), vel=(-0.757287,6.847207)}
particle={pos=(0.529088,1.227084), vel=(-0.839113,6.771038)}
particle={pos=(0.524296,1.231881), vel=(-0.913650,6.698157)}
particle={pos=(0.519829,1.237471), vel=(-0.983968,6.627056)}
particle={pos=(0.514781,1.243359), vel=(-1.037737,6.551648)}
particle={pos=(0.509664,1.250234), vel=(-1.084270,6.474749)}
particle={pos=(0.502479,1.256923), vel=(-1.117122,6.385392)}
particle={pos=(0.497540,1.265343), vel=(-1.142469,6.287013)}
particle={pos=(0.492583,1.275102), vel=(-1.158776,6.193265)}
particle={pos=(0.486459,1.284791), vel=(-1.164723,6.094194)}
particle={pos=(0.483649,1.297979), vel=(-1.181586,5.995212)}
particle={pos=(0.480354,1.312196), vel=(-1.193870,5.900808)}
particle={pos=(0.476566,1.328077), vel=(-1.208227,5.822356)}
particle={pos=(0.474951,1.346374), vel=(-1.234330,5.749447)}
particle={pos=(0.473437,1.365739), vel=(-1.262936,5.676997)}
particle={pos=(0.472004,1.386160), vel=(-1.282236,5.601997)}
particle={pos=(0.470872,1.407171), vel=(-1.298691,5.528464)}
particle={pos=(0.470489,1.430088), vel=(-1.320587,5.454824)}
particle={pos=(0.470022,1.453949), vel=(-1.340981,5.389466)}
particle={pos=(0.468282,1.477172), vel=(-1.356292,5.318774)}
particle={pos=(0.466955,1.500526), vel=(-1.378604,5.242684)}
particle={pos=(0.465986,1.522892), vel=(-1.402002,5.174164)}
particle={pos=(0.463613,1.544270), vel=(-1.423952,5.100553)}
particle={pos=(0.460356,1.565003), vel=(-1.452055,5.026282)}
particle={pos=(0.456310,1.583551), vel=(-1.475924,4.946191)}
particle={pos=(0.452434,1.600429), vel=(-1.502042,4.844369)}
particle={pos=(0.449394,1.617010), vel=(-1.532875,4.727158)}
particle={pos=(0.445710,1.629865), vel=(-1.559122,4.596745)}
particle={pos=(0.442985,1.641552), vel=(-1.591167,4.454131)}
particle={pos=(0.440432,1.650439), vel=(-1.628219,4.300062)}
particle={pos=(0.438332,1.658321), vel=(-1.669038,4.139682)}
particle={pos=(0.434363,1.664542), vel=(-1.706466,3.971021)}
particle={pos=(0.429030,1.667187), vel=(-1.746356,3.797637)}
particle={pos=(0.423293,1.666970), vel=(-1.797053,3.615057)}
particle={pos=(0.416781,1.663569), vel=(-1.846862,3.429624)}
particle={pos=(0.409942,1.656022), vel=(-1.893458,3.248031)}
particle={pos=(0.400994,1.647152), vel=(-1.935451,3.067624)}
particle={pos=(0.391325,1.636967), vel=(-1.974933,2.888301)}
particle={pos=(0.381637,1.625577), vel=(-2.004090,2.712660)}
particle={pos=(0.370504,1.614345), vel=(-2.017055,2.534693)}
particle={pos=(0.358380,1.603792), vel=(-2.015562,2.355177)}
particle={pos=(0.345939,1.595155), vel=(-1.991020,2.179163)}
particle={pos=(0.332686,1.591014), vel=(-1.954838,1.989399)}
particle={pos=(0.317279,1.589254), vel=(-1.910023,1.795969)}
particle={pos=(0.300059,1.587530), vel=(-1.869616,1.615135)}
particle={pos=(0.281312,1.585235), vel=(-1.830857,1.445527)}
particle={pos=(0.260725,1.583096), vel=(-1.788900,1.280107)}
particle={pos=(0.236925,1.578907), vel=(-1.726572,1.121572)}
particle={pos=(0.212444,1.572939), vel=(-1.643246,0.968897)}
particle={pos=(0.186900,1.564310), vel=(-1.533747,0.808327)}
particle={pos=(0.162336,1.553230), vel=(-1.392436,0.650582)}
particle={pos=(0.140476,1.541124), vel=(-1.232252,0.501246)}
particle={pos=(0.121349,1.528088), vel=(-1.053913,0.362104)}
particle={pos=(0.104875,1.512702), vel=(-0.849099,0.229675)}
particle={pos=(0.092356,1.497590), vel=(-0.634739,0.123199)}
particle={pos=(0.083912,1.482838), vel=(-0.422909,0.040509)}
particle={pos=(0.077942,1.469070), vel=(-0.198792,-0.017161)}
particle={pos=(0.074619,1.456511), vel=(0.034178,-0.051340)}
particle={pos=(0.074317,1.445482), vel=(0.255521,-0.066419)}
particle={pos=(0.076537,1.435219), vel=(0.473204,-0.073365)}
particle={pos=(0.080998,1.424422), vel=(0.690069,-0.077991)}
particle={pos=(0.088243,1.413319), vel=(0.900990,-0.090744)}
particle={pos=(0.099039,1.402000), vel=(1.096573,-0.106233)}
particle={pos=(0.112336,1.390576), vel=(1.275451,-0.120722)}
particle={pos=(0.127910,1.379076), vel=(1.430919,-0.139376)}
particle={pos=(0.143637,1.368091), vel=(1.553176,-0.166645)}
particle={pos=(0.159254,1.357950), vel=(1.647767,-0.196904)}
particle={pos=(0.174547,1.348929), vel=(1.722040,-0.229358)}
particle={pos=(0.190092,1.340268), vel=(1.775843,-0.266818)}
particle={pos=(0.204780,1.331746), vel=(1.809644,-0.318105)}
particle={pos=(0.219169,1.323754), vel=(1.823904,-0.379713)}
particle={pos=(0.233891,1.316005), vel=(1.830570,-0.450817)}
particle={pos=(0.249621,1.308247), vel=(1.825152,-0.532901)}
particle={pos=(0.267030,1.300115), vel=(1.819894,-0.637616)}
particle={pos=(0.282923,1.293511), vel=(1.830790,-0.751077)}
particle={pos=(0.296499,1.288567), vel=(1.869396,-0.865701)}
particle={pos=(0.309439,1.283688), vel=(1.903261,-0.974453)}
particle={pos=(0.323322,1.276430), vel=(1.887515,-1.093295)}
particle={pos=(0.337906,1.265944), vel=(1.813729,-1.228103)}
particle={pos=(0.355400,1.250609), vel=(1.676885,-1.371144)}
particle={pos=(0.376439,1.229952), vel=(1.497396,-1.519260)}
particle={pos=(0.402918,1.203548), vel=(1.323669,-1.672010)}
particle={pos=(0.442232,1.176461), vel=(1.192045,-1.826271)}
particle={pos=(0.486501,1.150582), vel=(0.999900,-1.967030)}
particle={pos=(0.523412,1.119619), vel=(0.695391,-2.115226)}
particle={pos=(0.545110,1.080942), vel=(0.308928,-2.266016)}
particle={pos=(0.551556,1.039475), vel=(-0.083514,-2.364089)}
particle={pos=(0.544576,1.002388), vel=(-0.410070,-2.407695)}
particle={pos=(0.528334,0.971106), vel=(-0.631890,-2.424739)}
particle={pos=(0.509621,0.945290), vel=(-0.739261,-2.444946)}
particle={pos=(0.491329,0.921168), vel=(-0.806009,-2.468722)}
particle={pos=(0.473148,0.897841), vel=(-0.852555,-2.496717)}
particle={pos=(0.455599,0.875971), vel=(-0.879450,-2.524416)}
particle={pos=(0.438175,0.854861), vel=(-0.894244,-2.541462)}
particle={pos=(0.421484,0.836233), vel=(-0.884266,-2.551221)}
particle={pos=(0.405197,0.818787), vel=(-0.861191,-2.549725)}
particle={pos=(0.389756,0.803160), vel=(-0.824201,-2.536330)}
particle={pos=(0.375991,0.789996), vel=(-0.771785,-2.513115)}
particle={pos=(0.364727,0.778571), vel=(-0.700036,-2.488872)}
particle={pos=(0.355741,0.768763), vel=(-0.614639,-2.464303)}
particle={pos=(0.349021,0.760414), vel=(-0.517729,-2.438781)}
particle={pos=(0.344091,0.752545), vel=(-0.414726,-2.414913)}
particle={pos=(0.339182,0.744799), vel=(-0.313733,-2.381871)}
particle={pos=(0.334980,0.737272), vel=(-0.215052,-2.346408)}
particle={pos=(0.332136,0.730300), vel=(-0.121285,-2.311148)}
particle={pos=(0.329382,0.723167), vel=(-0.025007,-2.272427)}
particle={pos=(0.326927,0.716221), vel=(0.069680,-2.232368)}
particle={pos=(0.325517,0.710163), vel=(0.163992,-2.194809)}
particle={pos=(0.324221,0.703525), vel=(0.263814,-2.150316)}
particle={pos=(0.323699,0.696296), vel=(0.366724,-2.103724)}
particle={pos=(0.324234,0.689306), vel=(0.464855,-2.057452)}
particle={pos=(0.325136,0.682193), vel=(0.559117,-2.004672)}
particle={pos=(0.326593,0.674328), vel=(0.654989,-1.948257)}
particle={pos=(0.327917,0.664883), vel=(0.759062,-1.884397)}
particle={pos=(0.330313,0.655046), vel=(0.862346,-1.818205)}
particle={pos=(0.332633,0.642133), vel=(0.971068,-1.745288)}
particle={pos=(0.335755,0.629418), vel=(1.069682,-1.680112)}
particle={pos=(0.339920,0.617091), vel=(1.144183,-1.626016)}
particle={pos=(0.345156,0.603506), vel=(1.204873,-1.584008)}
particle={pos=(0.351177,0.587259), vel=(1.263496,-1.544420)}
particle={pos=(0.357956,0.571711), vel=(1.305872,-1.511412)}
particle={pos=(0.365124,0.555692), vel=(1.335643,-1.490020)}
particle={pos=(0.372007,0.537964), vel=(1.367516,-1.463033)}
particle={pos=(0.378780,0.518568), vel=(1.395928,-1.439979)}
particle={pos=(0.385214,0.503955), vel=(1.407823,-1.415847)}
particle={pos=(0.391248,0.487763), vel=(1.407601,-1.380320)}
particle={pos=(0.397002,0.469860), vel=(1.397554,-1.342424)}
particle={pos=(0.402308,0.452703), vel=(1.374853,-1.300185)}
particle={pos=(0.406758,0.432541), vel=(1.332276,-1.248626)}
particle={pos=(0.410825,0.411276), vel=(1.281882,-1.193165)}
particle={pos=(0.413980,0.391448), vel=(1.222941,-1.147588)}
particle={pos=(0.416335,0.372185), vel=(1.156322,-1.107624)}
particle={pos=(0.418295,0.355288), vel=(1.090006,-1.080649)}
particle={pos=(0.419153,0.337936), vel=(1.019430,-1.066726)}
particle={pos=(0.419319,0.320517), vel=(0.947313,-1.061103)}
particle={pos=(0.418585,0.300445), vel=(0.875182,-1.069482)}
particle={pos=(0.416971,0.277897), vel=(0.806545,-1.081720)}
particle={pos=(0.414690,0.255520), vel=(0.755898,-1.079680)}
particle={pos=(0.412774,0.230571), vel=(0.727346,-1.066359)}
particle={pos=(0.411435,0.204545), vel=(0.715503,-1.028385)}
particle={pos=(0.410477,0.180051), vel=(0.699372,-0.944570)}
particle={pos=(0.410252,0.162012), vel=(0.668601,-0.848657)}
particle={pos=(0.411101,0.147183), vel=(0.645995,-0.730391)}
particle={pos=(0.412256,0.135283), vel=(0.624193,-0.587022)}
particle={pos=(0.413703,0.127398), vel=(0.593790,-0.436757)}
particle={pos=(0.413571,0.124803), vel=(0.548076,-0.292970)}
particle={pos=(0.413904,0.124932), vel=(0.500329,-0.145193)}
particle={pos=(0.413858,0.126749), vel=(0.452260,0.000239)}
particle={pos=(0.412804,0.130745), vel=(0.398740,0.139155)}
particle={pos=(0.410782,0.136805), vel=(0.333219,0.269557)}
particle={pos=(0.407731,0.142417), vel=(0.265427,0.375248)}
particle={pos=(0.404024,0.148971), vel=(0.196920,0.471717)}
particle={pos=(0.399401,0.156072), vel=(0.129668,0.559110)}
particle={pos=(0.395128,0.163655), vel=(0.066885,0.653067)}
particle={pos=(0.390515,0.172465), vel=(0.007282,0.734791)}
particle={pos=(0.384651,0.181807), vel=(-0.053712,0.803300)}
particle={pos=(0.379503,0.190723), vel=(-0.108655,0.864839)}
particle={pos=(0.373122,0.199244), vel=(-0.159474,0.903204)}
particle={pos=(0.365058,0.207793), vel=(-0.203737,0.935869)}
particle={pos=(0.357451,0.216860), vel=(-0.235227,0.979636)}
particle={pos=(0.349614,0.225991), vel=(-0.262177,1.019817)}
particle={pos=(0.341450,0.234866), vel=(-0.287391,1.056135)}
particle={pos=(0.334339,0.243393), vel=(-0.312565,1.101874)}
particle={pos=(0.327540,0.251267), vel=(-0.339016,1.148948)}
particle={pos=(0.321099,0.258735), vel=(-0.372318,1.200377)}
particle={pos=(0.314409,0.267040), vel=(-0.410422,1.253278)}
particle={pos=(0.307136,0.275296), vel=(-0.450307,1.309148)}
particle={pos=(0.299812,0.283253), vel=(-0.490764,1.364350)}
particle={pos=(0.292857,0.291152), vel=(-0.530411,1.416354)}
particle={pos=(0.287008,0.300380), vel=(-0.574182,1.480438)}
particle={pos=(0.281520,0.311294), vel=(-0.627521,1.557656)}
particle={pos=(0.275919,0.324269), vel=(-0.690328,1.649162)}
particle={pos=(0.270091,0.337632), vel=(-0.752393,1.744054)}
particle={pos=(0.265025,0.351452), vel=(-0.814022,1.844879)}
particle={pos=(0.260751,0.365669), vel=(-0.870225,1.957889)}
particle={pos=(0.256741,0.380441), vel=(-0.923560,2.078162)}
particle={pos=(0.252618,0.395359), vel=(-0.976329,2.212713)}
particle={pos=(0.248022,0.408476), vel=(-1.029380,2.333843)}
particle={pos=(0.242894,0.421748), vel=(-1.078609,2.449608)}
particle={pos=(0.238027,0.436993), vel=(-1.109525,2.573925)}
particle={pos=(0.233639,0.452427), vel=(-1.130531,2.697780)}
particle={pos=(0.228804,0.467375), vel=(-1.152197,2.808351)}
particle={pos=(0.224190,0.481266), vel=(-1.167871,2.890821)}
particle={pos=(0.220732,0.494858), vel=(-1.171962,2.975460)}
particle={pos=(0.217769,0.508341), vel=(-1.158589,3.040198)}
particle={pos=(0.214981,0.522015), vel=(-1.126635,3.100268)}
particle={pos=(0.211803,0.535398), vel=(-1.082712,3.145574)}
particle={pos=(0.208934,0.550730), vel=(-1.007705,3.203941)}
particle={pos=(0.206323,0.566808), vel=(-0.914598,3.270608)}
particle={pos=(0.204411,0.580845), vel=(-0.817813,3.328562)}
particle={pos=(0.203016,0.594162), vel=(-0.711360,3.381368)}
particle={pos=(0.202993,0.607041), vel=(-0.598310,3.432419)}
particle={pos=(0.204095,0.619170), vel=(-0.482011,3.484240)}
particle={pos=(0.206407,0.631307), vel=(-0.361863,3.538872)}
particle={pos=(0.210218,0.644383), vel=(-0.224286,3.597956)}
particle={pos=(0.217354,0.659949), vel=(-0.045105,3.683771)}
particle={pos=(0.225098,0.675686), vel=(0.131466,3.764225)}
particle={pos=(0.234028,0.690512), vel=(0.293071,3.836366)}
particle={pos=(0.243720,0.702632), vel=(0.427417,3.896130)}
particle={pos=(0.252800,0.713276), vel=(0.540994,3.944324)}
particle={pos=(0.261680,0.724999), vel=(0.651276,3.996531)}
particle={pos=(0.270240,0.736157), vel=(0.751930,4.046925)}
particle={pos=(0.278761,0.750262), vel=(0.862286,4.110386)}
particle={pos=(0.286284,0.763789), vel=(0.963026,4.159854)}
particle={pos=(0.293899,0.776413), vel=(1.056446,4.201268)}
particle={pos=(0.302243,0.789255), vel=(1.142694,4.237750)}
particle={pos=(0.310352,0.801050), vel=(1.211281,4.258107)}
particle={pos=(0.318142,0.812809), vel=(1.264401,4.273225)}
particle={pos=(0.326609,0.823161), vel=(1.297353,4.284842)}
particle={pos=(0.335918,0.832165), vel=(1.304216,4.289281)}
particle={pos=(0.345146,0.841493), vel=(1.294642,4.284771)}
particle={pos=(0.353391,0.850950), vel=(1.267439,4.270776)}
particle={pos=(0.360068,0.857631), vel=(1.206509,4.246725)}
particle={pos=(0.365938,0.864112), vel=(1.138893,4.215046)}
particle={pos=(0.371505,0.871508), vel=(1.068964,4.178021)}
particle={pos=(0.376163,0.876339), vel=(0.966990,4.144058)}
particle={pos=(0.380125,0.882125), vel=(0.872411,4.106792)}
particle={pos=(0.383594,0.886996), vel=(0.769198,4.072786)}
particle={pos=(0.386765,0.890484), vel=(0.657390,4.041604)}
particle={pos=(0.388986,0.892408), vel=(0.542924,4.014649)}
particle={pos=(0.390605,0.894980), vel=(0.442480,3.984039)}
particle={pos=(0.392104,0.896068), vel=(0.331694,3.957493)}
particle={pos=(0.394079,0.897179), vel=(0.223532,3.933114)}
particle={pos=(0.396129,0.897409), vel=(0.118436,3.912614)}
particle={pos=(0.398363,0.898110), vel=(0.027204,3.893442)}
particle={pos=(0.401132,0.898378), vel=(-0.055871,3.876604)}
particle={pos=(0.404405,0.899844), vel=(-0.116211,3.855373)}
particle={pos=(0.406546,0.899999), vel=(-0.176459,3.832669)}
particle={pos=(0.407682,0.900096), vel=(-0.238908,3.805061)}
particle={pos=(0.409789,0.901037), vel=(-0.293390,3.777303)}
particle={pos=(0.412094,0.902258), vel=(-0.337942,3.749266)}
particle={pos=(0.412844,0.902860), vel=(-0.384490,3.715091)}
particle={pos=(0.412487,0.905618), vel=(-0.422031,3.671139)}
particle={pos=(0.412303,0.911066), vel=(-0.444512,3.619160)}
particle={pos=(0.412436,0.917427), vel=(-0.460196,3.565775)}
particle={pos=(0.412601,0.925761), vel=(-0.461480,3.508591)}
particle={pos=(0.412217,0.935356), vel=(-0.454922,3.446206)}
particle={pos=(0.411697,0.949392), vel=(-0.415851,3.369274)}
particle={pos=(0.410827,0.967109), vel=(-0.355907,3.292466)}
particle={pos=(0.410112,0.985053), vel=(-0.292519,3.239418)}
particle={pos=(0.408868,1.007692), vel=(-0.212430,3.242212)}
particle={pos=(0.405743,1.034501), vel=(-0.134836,3.285048)}
particle={pos=(0.401620,1.061921), vel=(-0.064939,3.343257)}
particle={pos=(0.395274,1.090638), vel=(-0.006010,3.409994)}
particle={pos=(0.391305,1.119962), vel=(0.079187,3.478120)}
particle={pos=(0.386828,1.144448), vel=(0.155371,3.524787)}
particle={pos=(0.380578,1.166700), vel=(0.225484,3.561520)}
particle={pos=(0.373220,1.186169), vel=(0.290588,3.584401)}
particle={pos=(0.365765,1.202373), vel=(0.351477,3.593228)}
particle={pos=(0.357133,1.216638), vel=(0.402971,3.590353)}
particle={pos=(0.347689,1.227462), vel=(0.434126,3.570716)}
particle={pos=(0.338563,1.236940), vel=(0.465466,3.544499)}
particle={pos=(0.330485,1.248365), vel=(0.504173,3.530388)}
particle={pos=(0.322191,1.259640), vel=(0.527422,3.508289)}
particle={pos=(0.313730,1.274401), vel=(0.523633,3.493007)}
particle={pos=(0.304618,1.293998), vel=(0.501858,3.490649)}
particle={pos=(0.295578,1.315232), vel=(0.449810,3.480607)}
particle={pos=(0.286386,1.338833), vel=(0.382673,3.467184)}
particle={pos=(0.277750,1.360659), vel=(0.312751,3.441633)}
particle={pos=(0.271277,1.378633), vel=(0.251204,3.390035)}
particle={pos=(0.265788,1.395249), vel=(0.221237,3.339342)}
particle={pos=(0.259137,1.410310), vel=(0.205467,3.279381)}
particle={pos=(0.250687,1.425499), vel=(0.218856,3.228540)}
particle={pos=(0.240119,1.441984), vel=(0.276574,3.194722)}
particle={pos=(0.231515,1.457018), vel=(0.370702,3.171797)}
particle={pos=(0.223487,1.470018), vel=(0.497145,3.166764)}
particle={pos=(0.215634,1.480114), vel=(0.642655,3.162700)}
particle={pos=(0.208202,1.487594), vel=(0.808426,3.173852)}
particle={pos=(0.203634,1.492820), vel=(0.972759,3.186936)}
particle={pos=(0.203240,1.493529), vel=(1.111936,3.171741)}
particle={pos=(0.201261,1.493872), vel=(1.247945,3.167631)}
particle={pos=(0.194957,1.495797), vel=(1.378408,3.177369)}
particle={pos=(0.187542,1.495973), vel=(1.485772,3.159457)}
particle={pos=(0.181663,1.494063), vel=(1.568246,3.117764)}
particle={pos=(0.174409,1.492384), vel=(1.638840,3.074478)}
particle={pos=(0.172978,1.486685), vel=(1.681613,2.975913)}
particle={pos=(0.177654,1.477586), vel=(1.705416,2.833967)}
particle={pos=(0.187098,1.467153), vel=(1.719583,2.668860)}
particle={pos=(0.201461,1.456125), vel=(1.732018,2.491880)}
particle={pos=(0.220512,1.445139), vel=(1.756827,2.280166)}
particle={pos=(0.238886,1.434944), vel=(1.825445,2.072988)}
particle={pos=(0.252879,1.426853), vel=(1.969060,1.910477)}
particle={pos=(0.266684,1.416397), vel=(2.166732,1.773769)}
particle={pos=(0.281452,1.402139), vel=(2.416365,1.680998)}
particle={pos=(0.299471,1.383496), vel=(2.652484,1.622536)}
particle={pos=(0.317703,1.361881), vel=(2.874721,1.614039)}
particle={pos=(0.332841,1.343227), vel=(3.080518,1.654312)}
particle={pos=(0.346155,1.328925), vel=(3.235089,1.687140)}
particle={pos=(0.362134,1.317417), vel=(3.297003,1.676356)}
particle={pos=(0.382025,1.305587), vel=(3.289780,1.619029)}
particle={pos=(0.407514,1.290877), vel=(3.198601,1.489670)}
particle={pos=(0.438374,1.270346), vel=(3.026164,1.278226)}
particle={pos=(0.471531,1.244177), vel=(2.840545,1.023872)}
particle={pos=(0.509723,1.210740), vel=(2.631604,0.747190)}
particle={pos=(0.543466,1.182872), vel=(2.433626,0.530831)}
particle={pos=(0.577288,1.155745), vel=(2.213338,0.348226)}
particle={pos=(0.602856,1.136355), vel=(1.935686,0.266902)}
particle={pos=(0.619176,1.124636), vel=(1.602160,0.273265)}
particle={pos=(0.630979,1.117035), vel=(1.264850,0.318679)}
particle={pos=(0.638940,1.111712), vel=(0.940162,0.381430)}
particle={pos=(0.643844,1.104547), vel=(0.622100,0.448263)}
particle={pos=(0.648856,1.093328), vel=(0.330769,0.506978)}
particle={pos=(0.659753,1.072423), vel=(0.106868,0.527651)}
particle={pos=(0.678087,1.043354), vel=(-0.028152,0.501746)}
particle={pos=(0.696214,1.010704), vel=(-0.148780,0.462324)}
particle={pos=(0.711277,0.977921), vel=(-0.278751,0.423878)}
particle={pos=(0.723507,0.948276), vel=(-0.422882,0.419359)}
particle={pos=(0.728892,0.922723), vel=(-0.596684,0.464448)}
particle={pos=(0.729177,0.902372), vel=(-0.782833,0.544419)}
particle={pos=(0.723650,0.887217), vel=(-0.987893,0.649649)}
particle={pos=(0.712234,0.878300), vel=(-1.196633,0.758308)}
particle={pos=(0.696778,0.874047), vel=(-1.410142,0.879461)}
particle={pos=(0.673911,0.872745), vel=(-1.632263,1.009858)}
particle={pos=(0.649700,0.875436), vel=(-1.840179,1.135667)}
particle={pos=(0.620943,0.880551), vel=(-2.043649,1.257580)}
particle={pos=(0.590250,0.887378), vel=(-2.246900,1.378068)}
particle={pos=(0.553000,0.895215), vel=(-2.481353,1.494612)}
particle={pos=(0.510892,0.903383), vel=(-2.751495,1.594451)}
particle={pos=(0.462235,0.911724), vel=(-3.004915,1.628689)}
particle={pos=(0.406907,0.917837), vel=(-3.115150,1.577043)}
particle={pos=(0.346340,0.920149), vel=(-3.044483,1.473556)}
particle={pos=(0.280696,0.915377), vel=(-2.735081,1.337569)}
particle={pos=(0.215842,0.910246), vel=(-2.352599,1.391246)}
particle={pos=(0.168104,0.907988), vel=(-1.865627,1.520469)}
particle={pos=(0.139722,0.909761), vel=(-1.368199,1.644306)}
particle={pos=(0.127024,0.913390), vel=(-0.891403,1.741992)}
particle={pos=(0.129120,0.916093), vel=(-0.468190,1.796488)}
particle={pos=(0.140399,0.916047), vel=(-0.113540,1.815475)}
particle={pos=(0.154733,0.912340), vel=(0.167931,1.816878)}
particle={pos=(0.169828,0.905962), vel=(0.393626,1.812349)}
particle={pos=(0.184367,0.898231), vel=(0.567630,1.804165)}
particle={pos=(0.198025,0.890676), vel=(0.690536,1.787449)}
particle={pos=(0.209971,0.884027), vel=(0.767686,1.763863)}
particle={pos=(0.220761,0.878133), vel=(0.815526,1.732331)}
particle={pos=(0.229533,0.873271), vel=(0.833708,1.690153)}
particle={pos=(0.236975,0.869549), vel=(0.835764,1.639555)}
particle={pos=(0.243361,0.866345), vel=(0.824029,1.580985)}
particle={pos=(0.248912,0.863621), vel=(0.808262,1.517071)}
particle={pos=(0.254681,0.861138), vel=(0.795437,1.445963)}
particle={pos=(0.260348,0.858859), vel=(0.786172,1.367981)}
particle={pos=(0.266205,0.856525), vel=(0.780045,1.283244)}
particle={pos=(0.272650,0.854056), vel=(0.780223,1.194955)}
particle={pos=(0.280080,0.852226), vel=(0.790488,1.102003)}
particle={pos=(0.288027,0.851184), vel=(0.802590,1.005124)}
particle={pos=(0.296823,0.851145), vel=(0.824177,0.907803)}
particle={pos=(0.306398,0.852774), vel=(0.851984,0.805859)}
particle={pos=(0.316187,0.856736), vel=(0.885630,0.702355)}
particle={pos=(0.326634,0.863500), vel=(0.931105,0.593812)}
particle={pos=(0.337473,0.874966), vel=(0.997725,0.485398)}
particle={pos=(0.349650,0.892204), vel=(1.090563,0.399543)}
particle={pos=(0.362546,0.914707), vel=(1.221353,0.356396)}
particle={pos=(0.375016,0.941910), vel=(1.381678,0.379894)}
particle={pos=(0.384753,0.970511), vel=(1.560822,0.452121)}
particle={pos=(0.389494,1.000690), vel=(1.748395,0.574883)}
particle={pos=(0.385792,1.031626), vel=(1.930371,0.738365)}
particle={pos=(0.369747,1.062030), vel=(2.067296,0.945574)}
particle={pos=(0.336419,1.090801), vel=(2.128534,1.193351)}
particle={pos=(0.287995,1.114830), vel=(2.032076,1.417836)}
particle={pos=(0.229842,1.135001), vel=(1.802572,1.617095)}
particle={pos=(0.166296,1.149857), vel=(1.488759,1.793714)}
particle={pos=(0.104006,1.160798), vel=(1.085823,1.943544)}
particle={pos=(0.054784,1.168684), vel=(0.605526,2.065304)}
particle={pos=(0.028645,1.172955), vel=(0.084060,2.157417)}
particle={pos=(0.021595,1.172471), vel=(-0.400127,2.246039)}
particle={pos=(0.026026,1.166381), vel=(-0.834745,2.343246)}
particle={pos=(0.041281,1.154173), vel=(-1.216626,2.437225)}
particle={pos=(0.064865,1.131922), vel=(-1.567877,2.522983)}
particle={pos=(0.095973,1.098431), vel=(-1.912775,2.586069)}
particle={pos=(0.130774,1.049511), vel=(-2.233921,2.602756)}
particle={pos=(0.164849,0.982638), vel=(-2.537989,2.630121)}
particle={pos=(0.180487,0.909224), vel=(-2.589853,2.777100)}
particle={pos=(0.172888,0.835179), vel=(-2.407103,2.919281)}
particle={pos=(0.160999,0.757225), vel=(-2.314543,2.803040)}
particle={pos=(0.145955,0.679274), vel=(-2.260638,2.548238)}
particle={pos=(0.135047,0.606583), vel=(-2.221968,2.252532)}
particle={pos=(0.137197,0.555532), vel=(-2.352831,2.031140)}
particle={pos=(0.167443,0.533907), vel=(-2.820589,1.943265)}
particle={pos=(0.224814,0.529155), vel=(-3.261796,1.862402)}
particle={pos=(0.294382,0.529033), vel=(-3.403889,1.708899)}
particle={pos=(0.361641,0.531966), vel=(-3.341328,1.516812)}
particle={pos=(0.415813,0.537436), vel=(-3.199759,1.306880)}
particle={pos=(0.458564,0.546903), vel=(-3.033604,1.096337)}
particle={pos=(0.496806,0.565810), vel=(-2.863010,0.885050)}
particle={pos=(0.533878,0.596644), vel=(-2.662799,0.654453)}
particle={pos=(0.571500,0.629417), vel=(-2.412141,0.367396)}
particle={pos=(0.615813,0.670760), vel=(-2.085397,0.032434)}
particle={pos=(0.640862,0.738307), vel=(-1.808804,-0.337995)}
particle={pos=(0.603855,0.872257), vel=(-1.722363,-0.682073)}
particle={pos=(0.515733,1.030612), vel=(-1.585005,-0.843836)}
particle={pos=(0.471497,1.144905), vel=(-0.873258,-1.034732)}
particle={pos=(0.462424,1.222263), vel=(-0.533921,-1.026835)}
particle={pos=(0.475750,1.277340), vel=(-0.372740,-1.020215)}
particle={pos=(0.503202,1.331898), vel=(-0.115521,-0.939383)}
particle={pos=(0.509098,1.392311), vel=(0.363340,-0.684023)}
particle={pos=(0.450947,1.449118), vel=(0.902606,-0.298942)}
particle={pos=(0.356352,1.478050), vel=(1.168257,0.019193)}
particle={pos=(0.269013,1.484088), vel=(1.283083,0.300725)}
particle={pos=(0.180744,1.470618), vel=(1.502035,0.781271)}
particle={pos=(0.096560,1.461275), vel=(1.328518,1.391440)}
particle={pos=(0.038146,1.516702), vel=(0.528523,1.965772)}
particle={pos=(0.013207,1.580761), vel=(0.048588,2.635014)}
